<?xml version="1.0" encoding="UTF-8" ?>
<testsuite tests="3" failures="0" name="com.rakuten.dps.kafka.connect.transforms.KeyToValueTest" time="0.027" errors="0" skipped="0">
  <properties>
[...]
</properties>
  <testcase classname="com.rakuten.dps.kafka.connect.transforms.KeyToValueTest" name="topLevelStructRequired" time="0.026"/>
  <testcase classname="com.rakuten.dps.kafka.connect.transforms.KeyToValueTest" name="SchemalessFromKeyToValue" time="0"/>
  <testcase classname="com.rakuten.dps.kafka.connect.transforms.KeyToValueTest" name="withSchemaFromKeyToValue" time="0.001"/>
</testsuite>